Warning: no key algorithms provided; JENKINS-42959 disabled
SSHLauncher{host='172.31.16.179', port=22, credentialsId='slaveconf', jvmOptions='', javaPath='', prefixStartSlaveCmd='', suffixStartSlaveCmd='', launchTimeoutSeconds=60, maxNumRetries=10, retryWaitTime=15, sshHostKeyVerificationStrategy=hudson.plugins.sshslaves.verifiers.KnownHostsFileKeyVerificationStrategy, tcpNoDelay=true, trackCredentials=true}
[04/05/22 14:41:43] [SSH] Opening SSH connection to 172.31.16.179:22.
connect timed out
SSH Connection failed with IOException: "connect timed out", retrying in 15 seconds. There are 10 more retries left.
connect timed out
SSH Connection failed with IOException: "connect timed out", retrying in 15 seconds. There are 9 more retries left.
connect timed out
SSH Connection failed with IOException: "connect timed out", retrying in 15 seconds. There are 8 more retries left.
connect timed out
SSH Connection failed with IOException: "connect timed out", retrying in 15 seconds. There are 7 more retries left.
connect timed out
SSH Connection failed with IOException: "connect timed out", retrying in 15 seconds. There are 6 more retries left.
connect timed out
SSH Connection failed with IOException: "connect timed out", retrying in 15 seconds. There are 5 more retries left.
connect timed out
SSH Connection failed with IOException: "connect timed out", retrying in 15 seconds. There are 4 more retries left.
connect timed out
SSH Connection failed with IOException: "connect timed out", retrying in 15 seconds. There are 3 more retries left.
connect timed out
SSH Connection failed with IOException: "connect timed out", retrying in 15 seconds. There are 2 more retries left.
connect timed out
SSH Connection failed with IOException: "connect timed out", retrying in 15 seconds. There are 1 more retries left.
connect timed out
ERROR: Connection is not established!
java.lang.IllegalStateException: Connection is not established!
	at com.trilead.ssh2.Connection.getRemainingAuthMethods(Connection.java:988)
	at com.cloudbees.jenkins.plugins.sshcredentials.impl.TrileadSSHPublicKeyAuthenticator.getRemainingAuthMethods(TrileadSSHPublicKeyAuthenticator.java:89)
	at com.cloudbees.jenkins.plugins.sshcredentials.impl.TrileadSSHPublicKeyAuthenticator.canAuthenticate(TrileadSSHPublicKeyAuthenticator.java:81)
	at java.util.stream.ReferencePipeline$2$1.accept(ReferencePipeline.java:174)
	at java.util.stream.ReferencePipeline$2$1.accept(ReferencePipeline.java:175)
	at java.util.stream.ReferencePipeline$3$1.accept(ReferencePipeline.java:193)
	at java.util.Spliterators$IteratorSpliterator.tryAdvance(Spliterators.java:1812)
	at java.util.stream.ReferencePipeline.forEachWithCancel(ReferencePipeline.java:126)
	at java.util.stream.AbstractPipeline.copyIntoWithCancel(AbstractPipeline.java:499)
	at java.util.stream.AbstractPipeline.copyInto(AbstractPipeline.java:486)
	at java.util.stream.AbstractPipeline.wrapAndCopyInto(AbstractPipeline.java:472)
	at java.util.stream.FindOps$FindOp.evaluateSequential(FindOps.java:152)
	at java.util.stream.AbstractPipeline.evaluate(AbstractPipeline.java:234)
	at java.util.stream.ReferencePipeline.findFirst(ReferencePipeline.java:531)
	at com.cloudbees.jenkins.plugins.sshcredentials.SSHAuthenticator.newInstance(SSHAuthenticator.java:222)
	at com.cloudbees.jenkins.plugins.sshcredentials.SSHAuthenticator.newInstance(SSHAuthenticator.java:173)
	at hudson.plugins.sshslaves.SSHLauncher.openConnection(SSHLauncher.java:885)
	at hudson.plugins.sshslaves.SSHLauncher.lambda$launch$0(SSHLauncher.java:434)
	at java.util.concurrent.FutureTask.run(FutureTask.java:266)
	at java.util.concurrent.ThreadPoolExecutor.runWorker(ThreadPoolExecutor.java:1149)
	at java.util.concurrent.ThreadPoolExecutor$Worker.run(ThreadPoolExecutor.java:624)
	at java.lang.Thread.run(Thread.java:750)
[04/05/22 14:55:29] Launch failed - cleaning up connection
[04/05/22 14:55:29] [SSH] Connection closed.
