Started at Tue Apr 05 01:30:47 UTC 2022
Processing scmfunction
Offering scmfunction to Project Build Discarder
Processing slavetest
Offering slavetest to Project Build Discarder
Processing tomcatdeploy
Offering tomcatdeploy to Project Build Discarder
Finished at Tue Apr 05 01:30:47 UTC 2022. 1ms
Started at Tue Apr 05 02:30:47 UTC 2022
Processing scmfunction
Offering scmfunction to Project Build Discarder
Processing slavetest
Offering slavetest to Project Build Discarder
Processing tomcatdeploy
Offering tomcatdeploy to Project Build Discarder
Finished at Tue Apr 05 02:30:47 UTC 2022. 2ms
Started at Tue Apr 05 03:30:47 UTC 2022
Processing scmfunction
Offering scmfunction to Project Build Discarder
Processing slavetest
Offering slavetest to Project Build Discarder
Processing tomcatdeploy
Offering tomcatdeploy to Project Build Discarder
Finished at Tue Apr 05 03:30:47 UTC 2022. 0ms
